/*C1*/SET SCHEMA SYSTEM_LOBS
INSERT INTO BLOCKS VALUES(0,2147483647,0)
COMMIT
/*C11*/SET SCHEMA PUBLIC
create table aluno (id varchar(255) not null, caminho_foto varchar(255), desativado integer not null, endereco varchar(255), id_cliente integer not null, modificacao timestamp, nome varchar(255), nota double, site varchar(255), telefone varchar(255), primary key (id))
create table dispositivo (token varchar(255) not null, primary key (token))
create table firebase_config (id bigint not null, url varchar(255), apikey varchar(255), primary key (id))
INSERT INTO FIREBASE_CONFIG VALUES(1,'https://fcm.googleapis.com/fcm/send','AAAA7ks8Qys:APA91bGRtL9y-lFBCc023iktY1QmUwPGuAHMqY9BzFDzAm0IIqywZZnhdlRThnAMc4lq97iR08Ol3KdAk5wTJDLT49XcWum8dyhpC0-SX-WKxLuIPEN7yafmf99b4T_7Q-OP0mgAgxzK')
COMMIT
INSERT INTO DISPOSITIVO VALUES('eSXmLOIozE0Mi61ktbpZpz:APA91bFMioGonrl6A5UtcC_i2YtLF_4ifAWQq5l_YuYqdTO-YcIIuR2PPmQrYIWzvLCpbtCWMzMvvCzvMDojLoVoVDwcP8PiT3eFK7Mj57pvap2GAjhZAUCSKQfMwhcu8I5olUUs2-w5')
COMMIT
/*C9*/SET SCHEMA PUBLIC
INSERT INTO ALUNO VALUES('54eee7fa-edce-48a8-b57b-658a5f1e71a2',NULL,0,'rua da pitangueiras',0,'2020-06-26 15:20:48.782000','Lucas',10.0E0,'alura.com.br','9999999999')
COMMIT
/*C11*/DELETE FROM ALUNO WHERE ID='54eee7fa-edce-48a8-b57b-658a5f1e71a2'
INSERT INTO ALUNO VALUES('54eee7fa-edce-48a8-b57b-658a5f1e71a2',NULL,1,'rua da pitangueiras',0,'2020-06-26 15:22:05.148000','Lucas',10.0E0,'alura.com.br','9999999999')
COMMIT
/*C9*/DELETE FROM ALUNO WHERE ID='54eee7fa-edce-48a8-b57b-658a5f1e71a2'
INSERT INTO ALUNO VALUES('54eee7fa-edce-48a8-b57b-658a5f1e71a2',NULL,0,'rua da pitangueiras',0,'2020-06-26 15:22:18.864000','Lucas',10.0E0,'alura.com.br','9999999999')
COMMIT
INSERT INTO ALUNO VALUES('303a93bc-1375-432c-80e7-c426df3768c5',NULL,0,'S\u00e3o Paulo',0,'2020-06-26 15:22:38.995000','Adraino',10.0E0,'alura.com.br','99999999999')
COMMIT
