/*C11*/SET SCHEMA PUBLIC
INSERT INTO FIREBASE_CONFIG VALUES(1,'https://fcm.googleapis.com/fcm/send','AAAA7ks8Qys:APA91bGRtL9y-lFBCc023iktY1QmUwPGuAHMqY9BzFDzAm0IIqywZZnhdlRThnAMc4lq97iR08Ol3KdAk5wTJDLT49XcWum8dyhpC0-SX-WKxLuIPEN7yafmf99b4T_7Q-OP0mgAgxzK')
COMMIT
INSERT INTO ALUNO VALUES('be199a28-0d89-460a-80bb-1e8aaf8682e4',NULL,0,'Rua dos Palmares',0,'2020-06-30 09:11:28.746000','Marcelo',10.0E0,'www.qualquer.com.br','88888888')
COMMIT
INSERT INTO ALUNO VALUES('894ffee5-c540-47f8-b82d-b4ad8a07499b',NULL,0,'ertqtgw',0,'2020-06-30 09:13:27.491000','Fabiana',10.0E0,'fghnjm~kt,]elrwhg','333333333')
COMMIT
DELETE FROM ALUNO WHERE ID='09e4d0a0-1e60-4dab-9ec4-39d76146b65f'
INSERT INTO ALUNO VALUES('09e4d0a0-1e60-4dab-9ec4-39d76146b65f',NULL,0,'Av. Paulista, S\u00e3o Paulo - SP',0,'2020-06-30 09:18:08.577000','Adriano',8.0E0,'www.uol.com.br','34984381111')
DELETE FROM ALUNO WHERE ID='bb98e8b9-acbd-4d69-a3cc-922c3e9b01bb'
INSERT INTO ALUNO VALUES('bb98e8b9-acbd-4d69-a3cc-922c3e9b01bb',NULL,0,'RJ',0,'2020-06-30 09:18:08.584000','Bianca',2.0E0,'Alura.com.br','675687790')
DELETE FROM ALUNO WHERE ID='894ffee5-c540-47f8-b82d-b4ad8a07499b'
INSERT INTO ALUNO VALUES('894ffee5-c540-47f8-b82d-b4ad8a07499b',NULL,0,'ertqtgw',0,'2020-06-30 09:18:08.590000','Fabiana',10.0E0,'fghnjm~kt,]elrwhg','333333333')
DELETE FROM ALUNO WHERE ID='19c1ae4a-7221-4a07-885a-58a0818a0131'
INSERT INTO ALUNO VALUES('19c1ae4a-7221-4a07-885a-58a0818a0131',NULL,0,'Rua Paschoal Bruno, 960 - Uberl\u00e2ndia',0,'2020-06-30 09:18:08.594000','Lola',10.0E0,'www.lolalinda.com.br','55555555')
DELETE FROM ALUNO WHERE ID='0e638183-30fd-4b45-9df5-3c76660e0942'
INSERT INTO ALUNO VALUES('0e638183-30fd-4b45-9df5-3c76660e0942',NULL,0,'Rua das Seringueiras',0,'2020-06-30 09:18:08.599000','Luiz Henrique de Souza',10.0E0,'www.alura.com.br','34984382735')
DELETE FROM ALUNO WHERE ID='be199a28-0d89-460a-80bb-1e8aaf8682e4'
INSERT INTO ALUNO VALUES('be199a28-0d89-460a-80bb-1e8aaf8682e4',NULL,0,'Rua dos Palmares',0,'2020-06-30 09:18:08.602000','Marcelo',10.0E0,'www.qualquer.com.br','88888888')
DELETE FROM ALUNO WHERE ID='d4bdf000-a53d-4fb4-b4ff-e22b888166a8'
INSERT INTO ALUNO VALUES('d4bdf000-a53d-4fb4-b4ff-e22b888166a8',NULL,0,'SP',0,'2020-06-30 09:18:08.608000','Patricia',3.0E0,'google.com.br','4455456534')
COMMIT
INSERT INTO ALUNO VALUES('5ab43eaf-ac59-446f-83ef-b0d4df22c465',NULL,0,'jgngmprewpgnt',0,'2020-06-30 09:18:33.926000','Henrque',10.0E0,'fewgnrtwgtwer','454634574523')
COMMIT
INSERT INTO DISPOSITIVO VALUES('dHjVMS1wLEnaqFKffvYGDH:APA91bHU8sSMfw0msGkuc3KlU1Gfyl3c55lrABf2lL6OzB8KIQ09aXjcm0oVEvGsUQHV1c2zBxfX9xT6u6XxhRBf57TZ840gFTXRA86ns8rY942D3IrP-FiO84uQubo9L7veolSihNHO')
COMMIT
/*C10*/SET SCHEMA PUBLIC
DELETE FROM ALUNO WHERE ID='09e4d0a0-1e60-4dab-9ec4-39d76146b65f'
INSERT INTO ALUNO VALUES('09e4d0a0-1e60-4dab-9ec4-39d76146b65f',NULL,0,'Av. Paulista, S\u00e3o Paulo - SP',0,'2020-06-30 09:19:43.141000','Adriano',8.0E0,'www.uol.com.br','34984381111')
DELETE FROM ALUNO WHERE ID='bb98e8b9-acbd-4d69-a3cc-922c3e9b01bb'
INSERT INTO ALUNO VALUES('bb98e8b9-acbd-4d69-a3cc-922c3e9b01bb',NULL,0,'RJ',0,'2020-06-30 09:19:43.149000','Bianca',2.0E0,'Alura.com.br','675687790')
DELETE FROM ALUNO WHERE ID='894ffee5-c540-47f8-b82d-b4ad8a07499b'
INSERT INTO ALUNO VALUES('894ffee5-c540-47f8-b82d-b4ad8a07499b',NULL,0,'ertqtgw',0,'2020-06-30 09:19:43.153000','Fabiana',10.0E0,'fghnjm~kt,]elrwhg','333333333')
DELETE FROM ALUNO WHERE ID='19c1ae4a-7221-4a07-885a-58a0818a0131'
INSERT INTO ALUNO VALUES('19c1ae4a-7221-4a07-885a-58a0818a0131',NULL,0,'Rua Paschoal Bruno, 960 - Uberl\u00e2ndia',0,'2020-06-30 09:19:43.181000','Lola',10.0E0,'www.lolalinda.com.br','55555555')
DELETE FROM ALUNO WHERE ID='0e638183-30fd-4b45-9df5-3c76660e0942'
INSERT INTO ALUNO VALUES('0e638183-30fd-4b45-9df5-3c76660e0942',NULL,0,'Rua das Seringueiras',0,'2020-06-30 09:19:43.190000','Luiz Henrique de Souza',10.0E0,'www.alura.com.br','34984382735')
DELETE FROM ALUNO WHERE ID='be199a28-0d89-460a-80bb-1e8aaf8682e4'
INSERT INTO ALUNO VALUES('be199a28-0d89-460a-80bb-1e8aaf8682e4',NULL,0,'Rua dos Palmares',0,'2020-06-30 09:19:43.197000','Marcelo',10.0E0,'www.qualquer.com.br','88888888')
DELETE FROM ALUNO WHERE ID='d4bdf000-a53d-4fb4-b4ff-e22b888166a8'
INSERT INTO ALUNO VALUES('d4bdf000-a53d-4fb4-b4ff-e22b888166a8',NULL,0,'SP',0,'2020-06-30 09:19:43.208000','Patricia',3.0E0,'google.com.br','4455456534')
COMMIT
/*C9*/SET SCHEMA PUBLIC
DELETE FROM ALUNO WHERE ID='09e4d0a0-1e60-4dab-9ec4-39d76146b65f'
INSERT INTO ALUNO VALUES('09e4d0a0-1e60-4dab-9ec4-39d76146b65f',NULL,0,'Av. Paulista, S\u00e3o Paulo - SP',0,'2020-06-30 09:22:27.684000','Adriano',8.0E0,'www.uol.com.br','34984381111')
DELETE FROM ALUNO WHERE ID='bb98e8b9-acbd-4d69-a3cc-922c3e9b01bb'
INSERT INTO ALUNO VALUES('bb98e8b9-acbd-4d69-a3cc-922c3e9b01bb',NULL,0,'RJ',0,'2020-06-30 09:22:27.693000','Bianca',2.0E0,'Alura.com.br','675687790')
DELETE FROM ALUNO WHERE ID='894ffee5-c540-47f8-b82d-b4ad8a07499b'
INSERT INTO ALUNO VALUES('894ffee5-c540-47f8-b82d-b4ad8a07499b',NULL,0,'ertqtgw',0,'2020-06-30 09:22:27.702000','Fabiana',10.0E0,'fghnjm~kt,]elrwhg','333333333')
DELETE FROM ALUNO WHERE ID='19c1ae4a-7221-4a07-885a-58a0818a0131'
INSERT INTO ALUNO VALUES('19c1ae4a-7221-4a07-885a-58a0818a0131',NULL,0,'Rua Paschoal Bruno, 960 - Uberl\u00e2ndia',0,'2020-06-30 09:22:27.709000','Lola',10.0E0,'www.lolalinda.com.br','55555555')
DELETE FROM ALUNO WHERE ID='0e638183-30fd-4b45-9df5-3c76660e0942'
INSERT INTO ALUNO VALUES('0e638183-30fd-4b45-9df5-3c76660e0942',NULL,0,'Rua das Seringueiras',0,'2020-06-30 09:22:27.712000','Luiz Henrique de Souza',10.0E0,'www.alura.com.br','34984382735')
DELETE FROM ALUNO WHERE ID='be199a28-0d89-460a-80bb-1e8aaf8682e4'
INSERT INTO ALUNO VALUES('be199a28-0d89-460a-80bb-1e8aaf8682e4',NULL,0,'Rua dos Palmares',0,'2020-06-30 09:22:27.718000','Marcelo',10.0E0,'www.qualquer.com.br','88888888')
DELETE FROM ALUNO WHERE ID='d4bdf000-a53d-4fb4-b4ff-e22b888166a8'
INSERT INTO ALUNO VALUES('d4bdf000-a53d-4fb4-b4ff-e22b888166a8',NULL,0,'SP',0,'2020-06-30 09:22:27.721000','Patricia',3.0E0,'google.com.br','4455456534')
COMMIT
/*C10*/DELETE FROM ALUNO WHERE ID='09e4d0a0-1e60-4dab-9ec4-39d76146b65f'
INSERT INTO ALUNO VALUES('09e4d0a0-1e60-4dab-9ec4-39d76146b65f',NULL,0,'Av. Paulista, S\u00e3o Paulo - SP',0,'2020-06-30 09:29:33.011000','Adriano',8.0E0,'www.uol.com.br','34984381111')
DELETE FROM ALUNO WHERE ID='bb98e8b9-acbd-4d69-a3cc-922c3e9b01bb'
INSERT INTO ALUNO VALUES('bb98e8b9-acbd-4d69-a3cc-922c3e9b01bb',NULL,0,'RJ',0,'2020-06-30 09:29:33.019000','Bianca',2.0E0,'Alura.com.br','675687790')
DELETE FROM ALUNO WHERE ID='894ffee5-c540-47f8-b82d-b4ad8a07499b'
INSERT INTO ALUNO VALUES('894ffee5-c540-47f8-b82d-b4ad8a07499b',NULL,0,'ertqtgw',0,'2020-06-30 09:29:33.021000','Fabiana',10.0E0,'fghnjm~kt,]elrwhg','333333333')
DELETE FROM ALUNO WHERE ID='19c1ae4a-7221-4a07-885a-58a0818a0131'
INSERT INTO ALUNO VALUES('19c1ae4a-7221-4a07-885a-58a0818a0131',NULL,0,'Rua Paschoal Bruno, 960 - Uberl\u00e2ndia',0,'2020-06-30 09:29:33.025000','Lola',10.0E0,'www.lolalinda.com.br','55555555')
DELETE FROM ALUNO WHERE ID='0e638183-30fd-4b45-9df5-3c76660e0942'
INSERT INTO ALUNO VALUES('0e638183-30fd-4b45-9df5-3c76660e0942',NULL,0,'Rua das Seringueiras',0,'2020-06-30 09:29:33.033000','Luiz Henrique de Souza',10.0E0,'www.alura.com.br','34984382735')
DELETE FROM ALUNO WHERE ID='be199a28-0d89-460a-80bb-1e8aaf8682e4'
INSERT INTO ALUNO VALUES('be199a28-0d89-460a-80bb-1e8aaf8682e4',NULL,0,'Rua dos Palmares',0,'2020-06-30 09:29:33.038000','Marcelo',10.0E0,'www.qualquer.com.br','88888888')
DELETE FROM ALUNO WHERE ID='d4bdf000-a53d-4fb4-b4ff-e22b888166a8'
INSERT INTO ALUNO VALUES('d4bdf000-a53d-4fb4-b4ff-e22b888166a8',NULL,0,'SP',0,'2020-06-30 09:29:33.047000','Patricia',3.0E0,'google.com.br','4455456534')
COMMIT
/*C7*/SET SCHEMA PUBLIC
DELETE FROM ALUNO WHERE ID='09e4d0a0-1e60-4dab-9ec4-39d76146b65f'
INSERT INTO ALUNO VALUES('09e4d0a0-1e60-4dab-9ec4-39d76146b65f',NULL,0,'Av. Paulista, S\u00e3o Paulo - SP',0,'2020-06-30 09:33:34.301000','Adriano',8.0E0,'www.uol.com.br','34984381111')
DELETE FROM ALUNO WHERE ID='bb98e8b9-acbd-4d69-a3cc-922c3e9b01bb'
INSERT INTO ALUNO VALUES('bb98e8b9-acbd-4d69-a3cc-922c3e9b01bb',NULL,0,'RJ',0,'2020-06-30 09:33:34.310000','Bianca',2.0E0,'Alura.com.br','675687790')
DELETE FROM ALUNO WHERE ID='894ffee5-c540-47f8-b82d-b4ad8a07499b'
INSERT INTO ALUNO VALUES('894ffee5-c540-47f8-b82d-b4ad8a07499b',NULL,0,'ertqtgw',0,'2020-06-30 09:33:34.334000','Fabiana',10.0E0,'fghnjm~kt,]elrwhg','333333333')
DELETE FROM ALUNO WHERE ID='19c1ae4a-7221-4a07-885a-58a0818a0131'
INSERT INTO ALUNO VALUES('19c1ae4a-7221-4a07-885a-58a0818a0131',NULL,0,'Rua Paschoal Bruno, 960 - Uberl\u00e2ndia',0,'2020-06-30 09:33:34.354000','Lola',10.0E0,'www.lolalinda.com.br','55555555')
DELETE FROM ALUNO WHERE ID='0e638183-30fd-4b45-9df5-3c76660e0942'
INSERT INTO ALUNO VALUES('0e638183-30fd-4b45-9df5-3c76660e0942',NULL,0,'Rua das Seringueiras',0,'2020-06-30 09:33:34.360000','Luiz Henrique de Souza',10.0E0,'www.alura.com.br','34984382735')
DELETE FROM ALUNO WHERE ID='be199a28-0d89-460a-80bb-1e8aaf8682e4'
INSERT INTO ALUNO VALUES('be199a28-0d89-460a-80bb-1e8aaf8682e4',NULL,0,'Rua dos Palmares',0,'2020-06-30 09:33:34.371000','Marcelo',10.0E0,'www.qualquer.com.br','88888888')
DELETE FROM ALUNO WHERE ID='d4bdf000-a53d-4fb4-b4ff-e22b888166a8'
INSERT INTO ALUNO VALUES('d4bdf000-a53d-4fb4-b4ff-e22b888166a8',NULL,0,'SP',0,'2020-06-30 09:33:34.374000','Patricia',3.0E0,'google.com.br','4455456534')
COMMIT
/*C10*/DELETE FROM ALUNO WHERE ID='09e4d0a0-1e60-4dab-9ec4-39d76146b65f'
INSERT INTO ALUNO VALUES('09e4d0a0-1e60-4dab-9ec4-39d76146b65f',NULL,0,'Av. Paulista, S\u00e3o Paulo - SP',0,'2020-06-30 09:39:01.834000','Adriano',8.0E0,'www.uol.com.br','34984381111')
DELETE FROM ALUNO WHERE ID='bb98e8b9-acbd-4d69-a3cc-922c3e9b01bb'
INSERT INTO ALUNO VALUES('bb98e8b9-acbd-4d69-a3cc-922c3e9b01bb',NULL,0,'RJ',0,'2020-06-30 09:39:01.845000','Bianca',2.0E0,'Alura.com.br','675687790')
DELETE FROM ALUNO WHERE ID='894ffee5-c540-47f8-b82d-b4ad8a07499b'
INSERT INTO ALUNO VALUES('894ffee5-c540-47f8-b82d-b4ad8a07499b',NULL,0,'ertqtgw',0,'2020-06-30 09:39:01.848000','Fabiana',10.0E0,'fghnjm~kt,]elrwhg','333333333')
DELETE FROM ALUNO WHERE ID='19c1ae4a-7221-4a07-885a-58a0818a0131'
INSERT INTO ALUNO VALUES('19c1ae4a-7221-4a07-885a-58a0818a0131',NULL,0,'Rua Paschoal Bruno, 960 - Uberl\u00e2ndia',0,'2020-06-30 09:39:01.855000','Lola',10.0E0,'www.lolalinda.com.br','55555555')
DELETE FROM ALUNO WHERE ID='0e638183-30fd-4b45-9df5-3c76660e0942'
INSERT INTO ALUNO VALUES('0e638183-30fd-4b45-9df5-3c76660e0942',NULL,0,'Rua das Seringueiras',0,'2020-06-30 09:39:01.874000','Luiz Henrique de Souza',10.0E0,'www.alura.com.br','34984382735')
DELETE FROM ALUNO WHERE ID='be199a28-0d89-460a-80bb-1e8aaf8682e4'
INSERT INTO ALUNO VALUES('be199a28-0d89-460a-80bb-1e8aaf8682e4',NULL,0,'Rua dos Palmares',0,'2020-06-30 09:39:01.902000','Marcelo',10.0E0,'www.qualquer.com.br','88888888')
DELETE FROM ALUNO WHERE ID='d4bdf000-a53d-4fb4-b4ff-e22b888166a8'
INSERT INTO ALUNO VALUES('d4bdf000-a53d-4fb4-b4ff-e22b888166a8',NULL,0,'SP',0,'2020-06-30 09:39:01.926000','Patricia',3.0E0,'google.com.br','4455456534')
COMMIT
/*C7*/DELETE FROM ALUNO WHERE ID='09e4d0a0-1e60-4dab-9ec4-39d76146b65f'
INSERT INTO ALUNO VALUES('09e4d0a0-1e60-4dab-9ec4-39d76146b65f',NULL,0,'Av. Paulista, S\u00e3o Paulo - SP',0,'2020-06-30 09:39:26.248000','Adriano',8.0E0,'www.uol.com.br','34984381111')
DELETE FROM ALUNO WHERE ID='bb98e8b9-acbd-4d69-a3cc-922c3e9b01bb'
INSERT INTO ALUNO VALUES('bb98e8b9-acbd-4d69-a3cc-922c3e9b01bb',NULL,0,'RJ',0,'2020-06-30 09:39:26.252000','Bianca',2.0E0,'Alura.com.br','675687790')
DELETE FROM ALUNO WHERE ID='894ffee5-c540-47f8-b82d-b4ad8a07499b'
INSERT INTO ALUNO VALUES('894ffee5-c540-47f8-b82d-b4ad8a07499b',NULL,0,'ertqtgw',0,'2020-06-30 09:39:26.254000','Fabiana',10.0E0,'fghnjm~kt,]elrwhg','333333333')
DELETE FROM ALUNO WHERE ID='19c1ae4a-7221-4a07-885a-58a0818a0131'
INSERT INTO ALUNO VALUES('19c1ae4a-7221-4a07-885a-58a0818a0131',NULL,0,'Rua Paschoal Bruno, 960 - Uberl\u00e2ndia',0,'2020-06-30 09:39:26.258000','Lola',10.0E0,'www.lolalinda.com.br','55555555')
DELETE FROM ALUNO WHERE ID='0e638183-30fd-4b45-9df5-3c76660e0942'
INSERT INTO ALUNO VALUES('0e638183-30fd-4b45-9df5-3c76660e0942',NULL,0,'Rua das Seringueiras',0,'2020-06-30 09:39:26.262000','Luiz Henrique de Souza',10.0E0,'www.alura.com.br','34984382735')
DELETE FROM ALUNO WHERE ID='be199a28-0d89-460a-80bb-1e8aaf8682e4'
INSERT INTO ALUNO VALUES('be199a28-0d89-460a-80bb-1e8aaf8682e4',NULL,0,'Rua dos Palmares',0,'2020-06-30 09:39:26.270000','Marcelo',10.0E0,'www.qualquer.com.br','88888888')
DELETE FROM ALUNO WHERE ID='d4bdf000-a53d-4fb4-b4ff-e22b888166a8'
INSERT INTO ALUNO VALUES('d4bdf000-a53d-4fb4-b4ff-e22b888166a8',NULL,0,'SP',0,'2020-06-30 09:39:26.273000','Patricia',3.0E0,'google.com.br','4455456534')
COMMIT
INSERT INTO ALUNO VALUES('418f8f7b-d26e-4396-907f-51c42d3c08fc',NULL,0,'rergewrtewrt',0,'2020-06-30 09:40:30.348000','Pedro',10.0E0,'1234454','egferwertrew')
COMMIT
DELETE FROM ALUNO WHERE ID='09e4d0a0-1e60-4dab-9ec4-39d76146b65f'
INSERT INTO ALUNO VALUES('09e4d0a0-1e60-4dab-9ec4-39d76146b65f',NULL,0,'Av. Paulista, S\u00e3o Paulo - SP',0,'2020-06-30 09:52:11.559000','Adriano',8.0E0,'www.uol.com.br','34984381111')
DELETE FROM ALUNO WHERE ID='bb98e8b9-acbd-4d69-a3cc-922c3e9b01bb'
INSERT INTO ALUNO VALUES('bb98e8b9-acbd-4d69-a3cc-922c3e9b01bb',NULL,0,'RJ',0,'2020-06-30 09:52:11.574000','Bianca',2.0E0,'Alura.com.br','675687790')
DELETE FROM ALUNO WHERE ID='894ffee5-c540-47f8-b82d-b4ad8a07499b'
INSERT INTO ALUNO VALUES('894ffee5-c540-47f8-b82d-b4ad8a07499b',NULL,0,'ertqtgw',0,'2020-06-30 09:52:11.578000','Fabiana',10.0E0,'fghnjm~kt,]elrwhg','333333333')
DELETE FROM ALUNO WHERE ID='19c1ae4a-7221-4a07-885a-58a0818a0131'
INSERT INTO ALUNO VALUES('19c1ae4a-7221-4a07-885a-58a0818a0131',NULL,0,'Rua Paschoal Bruno, 960 - Uberl\u00e2ndia',0,'2020-06-30 09:52:11.581000','Lola',10.0E0,'www.lolalinda.com.br','55555555')
DELETE FROM ALUNO WHERE ID='0e638183-30fd-4b45-9df5-3c76660e0942'
INSERT INTO ALUNO VALUES('0e638183-30fd-4b45-9df5-3c76660e0942',NULL,0,'Rua das Seringueiras',0,'2020-06-30 09:52:11.588000','Luiz Henrique de Souza',10.0E0,'www.alura.com.br','34984382735')
DELETE FROM ALUNO WHERE ID='be199a28-0d89-460a-80bb-1e8aaf8682e4'
INSERT INTO ALUNO VALUES('be199a28-0d89-460a-80bb-1e8aaf8682e4',NULL,0,'Rua dos Palmares',0,'2020-06-30 09:52:11.599000','Marcelo',10.0E0,'www.qualquer.com.br','88888888')
DELETE FROM ALUNO WHERE ID='d4bdf000-a53d-4fb4-b4ff-e22b888166a8'
INSERT INTO ALUNO VALUES('d4bdf000-a53d-4fb4-b4ff-e22b888166a8',NULL,0,'SP',0,'2020-06-30 09:52:11.602000','Patricia',3.0E0,'google.com.br','4455456534')
DELETE FROM ALUNO WHERE ID='418f8f7b-d26e-4396-907f-51c42d3c08fc'
INSERT INTO ALUNO VALUES('418f8f7b-d26e-4396-907f-51c42d3c08fc',NULL,0,'rergewrtewrt',0,'2020-06-30 09:52:11.605000','Pedro',10.0E0,'1234454','egferwertrew')
COMMIT
DELETE FROM ALUNO WHERE ID='09e4d0a0-1e60-4dab-9ec4-39d76146b65f'
INSERT INTO ALUNO VALUES('09e4d0a0-1e60-4dab-9ec4-39d76146b65f',NULL,0,'Av. Paulista, S\u00e3o Paulo - SP',0,'2020-06-30 09:56:41.440000','Adriano',8.0E0,'www.uol.com.br','34984381111')
DELETE FROM ALUNO WHERE ID='bb98e8b9-acbd-4d69-a3cc-922c3e9b01bb'
INSERT INTO ALUNO VALUES('bb98e8b9-acbd-4d69-a3cc-922c3e9b01bb',NULL,0,'RJ',0,'2020-06-30 09:56:41.445000','Bianca',2.0E0,'Alura.com.br','675687790')
DELETE FROM ALUNO WHERE ID='894ffee5-c540-47f8-b82d-b4ad8a07499b'
INSERT INTO ALUNO VALUES('894ffee5-c540-47f8-b82d-b4ad8a07499b',NULL,0,'ertqtgw',0,'2020-06-30 09:56:41.448000','Fabiana',10.0E0,'fghnjm~kt,]elrwhg','333333333')
DELETE FROM ALUNO WHERE ID='19c1ae4a-7221-4a07-885a-58a0818a0131'
INSERT INTO ALUNO VALUES('19c1ae4a-7221-4a07-885a-58a0818a0131',NULL,0,'Rua Paschoal Bruno, 960 - Uberl\u00e2ndia',0,'2020-06-30 09:56:41.451000','Lola',10.0E0,'www.lolalinda.com.br','55555555')
DELETE FROM ALUNO WHERE ID='0e638183-30fd-4b45-9df5-3c76660e0942'
INSERT INTO ALUNO VALUES('0e638183-30fd-4b45-9df5-3c76660e0942',NULL,0,'Rua das Seringueiras',0,'2020-06-30 09:56:41.455000','Luiz Henrique de Souza',10.0E0,'www.alura.com.br','34984382735')
DELETE FROM ALUNO WHERE ID='be199a28-0d89-460a-80bb-1e8aaf8682e4'
INSERT INTO ALUNO VALUES('be199a28-0d89-460a-80bb-1e8aaf8682e4',NULL,0,'Rua dos Palmares',0,'2020-06-30 09:56:41.464000','Marcelo',10.0E0,'www.qualquer.com.br','88888888')
DELETE FROM ALUNO WHERE ID='d4bdf000-a53d-4fb4-b4ff-e22b888166a8'
INSERT INTO ALUNO VALUES('d4bdf000-a53d-4fb4-b4ff-e22b888166a8',NULL,0,'SP',0,'2020-06-30 09:56:41.474000','Patricia',3.0E0,'google.com.br','4455456534')
DELETE FROM ALUNO WHERE ID='418f8f7b-d26e-4396-907f-51c42d3c08fc'
INSERT INTO ALUNO VALUES('418f8f7b-d26e-4396-907f-51c42d3c08fc',NULL,0,'rergewrtewrt',0,'2020-06-30 09:56:41.484000','Pedro',10.0E0,'1234454','egferwertrew')
COMMIT
INSERT INTO ALUNO VALUES('1d7167e0-c25c-4e90-8cee-76a434bb1cef',NULL,0,'dfnswgksfds',0,'2020-06-30 09:57:18.334000','Isabela',10.0E0,'1234','12343567')
COMMIT
DELETE FROM ALUNO WHERE ID='09e4d0a0-1e60-4dab-9ec4-39d76146b65f'
INSERT INTO ALUNO VALUES('09e4d0a0-1e60-4dab-9ec4-39d76146b65f',NULL,0,'Av. Paulista, S\u00e3o Paulo - SP',0,'2020-06-30 10:04:03.812000','Adriano',8.0E0,'www.uol.com.br','34984381111')
DELETE FROM ALUNO WHERE ID='bb98e8b9-acbd-4d69-a3cc-922c3e9b01bb'
INSERT INTO ALUNO VALUES('bb98e8b9-acbd-4d69-a3cc-922c3e9b01bb',NULL,0,'RJ',0,'2020-06-30 10:04:03.817000','Bianca',2.0E0,'Alura.com.br','675687790')
DELETE FROM ALUNO WHERE ID='894ffee5-c540-47f8-b82d-b4ad8a07499b'
INSERT INTO ALUNO VALUES('894ffee5-c540-47f8-b82d-b4ad8a07499b',NULL,0,'ertqtgw',0,'2020-06-30 10:04:03.820000','Fabiana',10.0E0,'fghnjm~kt,]elrwhg','333333333')
DELETE FROM ALUNO WHERE ID='1d7167e0-c25c-4e90-8cee-76a434bb1cef'
INSERT INTO ALUNO VALUES('1d7167e0-c25c-4e90-8cee-76a434bb1cef',NULL,0,'dfnswgksfds',0,'2020-06-30 10:04:03.822000','Isabela',10.0E0,'1234','12343567')
DELETE FROM ALUNO WHERE ID='19c1ae4a-7221-4a07-885a-58a0818a0131'
INSERT INTO ALUNO VALUES('19c1ae4a-7221-4a07-885a-58a0818a0131',NULL,0,'Rua Paschoal Bruno, 960 - Uberl\u00e2ndia',0,'2020-06-30 10:04:03.828000','Lola',10.0E0,'www.lolalinda.com.br','55555555')
DELETE FROM ALUNO WHERE ID='0e638183-30fd-4b45-9df5-3c76660e0942'
INSERT INTO ALUNO VALUES('0e638183-30fd-4b45-9df5-3c76660e0942',NULL,0,'Rua das Seringueiras',0,'2020-06-30 10:04:03.838000','Luiz Henrique de Souza',10.0E0,'www.alura.com.br','34984382735')
DELETE FROM ALUNO WHERE ID='be199a28-0d89-460a-80bb-1e8aaf8682e4'
INSERT INTO ALUNO VALUES('be199a28-0d89-460a-80bb-1e8aaf8682e4',NULL,0,'Rua dos Palmares',0,'2020-06-30 10:04:03.845000','Marcelo',10.0E0,'www.qualquer.com.br','88888888')
DELETE FROM ALUNO WHERE ID='d4bdf000-a53d-4fb4-b4ff-e22b888166a8'
INSERT INTO ALUNO VALUES('d4bdf000-a53d-4fb4-b4ff-e22b888166a8',NULL,0,'SP',0,'2020-06-30 10:04:03.848000','Patricia',3.0E0,'google.com.br','4455456534')
DELETE FROM ALUNO WHERE ID='418f8f7b-d26e-4396-907f-51c42d3c08fc'
INSERT INTO ALUNO VALUES('418f8f7b-d26e-4396-907f-51c42d3c08fc',NULL,0,'rergewrtewrt',0,'2020-06-30 10:04:03.851000','Pedro',10.0E0,'1234454','egferwertrew')
COMMIT
/*C11*/DELETE FROM ALUNO WHERE ID='5ab43eaf-ac59-446f-83ef-b0d4df22c465'
INSERT INTO ALUNO VALUES('5ab43eaf-ac59-446f-83ef-b0d4df22c465',NULL,1,'jgngmprewpgnt',0,'2020-06-30 10:04:12.502000','Henrque',10.0E0,'fewgnrtwgtwer','454634574523')
COMMIT
DELETE FROM ALUNO WHERE ID='1d7167e0-c25c-4e90-8cee-76a434bb1cef'
INSERT INTO ALUNO VALUES('1d7167e0-c25c-4e90-8cee-76a434bb1cef',NULL,1,'dfnswgksfds',0,'2020-06-30 10:04:17.419000','Isabela',10.0E0,'1234','12343567')
COMMIT
DELETE FROM ALUNO WHERE ID='be199a28-0d89-460a-80bb-1e8aaf8682e4'
INSERT INTO ALUNO VALUES('be199a28-0d89-460a-80bb-1e8aaf8682e4',NULL,1,'Rua dos Palmares',0,'2020-06-30 10:04:34.890000','Marcelo',10.0E0,'www.qualquer.com.br','88888888')
COMMIT
/*C7*/DELETE FROM ALUNO WHERE ID='09e4d0a0-1e60-4dab-9ec4-39d76146b65f'
INSERT INTO ALUNO VALUES('09e4d0a0-1e60-4dab-9ec4-39d76146b65f',NULL,0,'Av. Paulista, S\u00e3o Paulo - SP',0,'2020-06-30 10:13:02.449000','Adriano',8.0E0,'www.uol.com.br','34984381111')
DELETE FROM ALUNO WHERE ID='bb98e8b9-acbd-4d69-a3cc-922c3e9b01bb'
INSERT INTO ALUNO VALUES('bb98e8b9-acbd-4d69-a3cc-922c3e9b01bb',NULL,0,'RJ',0,'2020-06-30 10:13:02.454000','Bianca',2.0E0,'Alura.com.br','675687790')
DELETE FROM ALUNO WHERE ID='894ffee5-c540-47f8-b82d-b4ad8a07499b'
INSERT INTO ALUNO VALUES('894ffee5-c540-47f8-b82d-b4ad8a07499b',NULL,0,'ertqtgw',0,'2020-06-30 10:13:02.458000','Fabiana',10.0E0,'fghnjm~kt,]elrwhg','333333333')
DELETE FROM ALUNO WHERE ID='19c1ae4a-7221-4a07-885a-58a0818a0131'
INSERT INTO ALUNO VALUES('19c1ae4a-7221-4a07-885a-58a0818a0131',NULL,0,'Rua Paschoal Bruno, 960 - Uberl\u00e2ndia',0,'2020-06-30 10:13:02.467000','Lola',10.0E0,'www.lolalinda.com.br','55555555')
DELETE FROM ALUNO WHERE ID='0e638183-30fd-4b45-9df5-3c76660e0942'
INSERT INTO ALUNO VALUES('0e638183-30fd-4b45-9df5-3c76660e0942',NULL,0,'Rua das Seringueiras',0,'2020-06-30 10:13:02.490000','Luiz Henrique de Souza',10.0E0,'www.alura.com.br','34984382735')
DELETE FROM ALUNO WHERE ID='d4bdf000-a53d-4fb4-b4ff-e22b888166a8'
INSERT INTO ALUNO VALUES('d4bdf000-a53d-4fb4-b4ff-e22b888166a8',NULL,0,'SP',0,'2020-06-30 10:13:02.504000','Patricia',3.0E0,'google.com.br','4455456534')
DELETE FROM ALUNO WHERE ID='418f8f7b-d26e-4396-907f-51c42d3c08fc'
INSERT INTO ALUNO VALUES('418f8f7b-d26e-4396-907f-51c42d3c08fc',NULL,0,'rergewrtewrt',0,'2020-06-30 10:13:02.520000','Pedro',10.0E0,'1234454','egferwertrew')
COMMIT
DELETE FROM ALUNO WHERE ID='09e4d0a0-1e60-4dab-9ec4-39d76146b65f'
INSERT INTO ALUNO VALUES('09e4d0a0-1e60-4dab-9ec4-39d76146b65f',NULL,0,'Av. Paulista, S\u00e3o Paulo - SP',0,'2020-06-30 10:13:51.903000','Adriano',8.0E0,'www.uol.com.br','34984381111')
DELETE FROM ALUNO WHERE ID='bb98e8b9-acbd-4d69-a3cc-922c3e9b01bb'
INSERT INTO ALUNO VALUES('bb98e8b9-acbd-4d69-a3cc-922c3e9b01bb',NULL,0,'RJ',0,'2020-06-30 10:13:51.906000','Bianca',2.0E0,'Alura.com.br','675687790')
DELETE FROM ALUNO WHERE ID='894ffee5-c540-47f8-b82d-b4ad8a07499b'
INSERT INTO ALUNO VALUES('894ffee5-c540-47f8-b82d-b4ad8a07499b',NULL,0,'ertqtgw',0,'2020-06-30 10:13:51.924000','Fabiana',10.0E0,'fghnjm~kt,]elrwhg','333333333')
DELETE FROM ALUNO WHERE ID='19c1ae4a-7221-4a07-885a-58a0818a0131'
INSERT INTO ALUNO VALUES('19c1ae4a-7221-4a07-885a-58a0818a0131',NULL,0,'Rua Paschoal Bruno, 960 - Uberl\u00e2ndia',0,'2020-06-30 10:13:51.940000','Lola',10.0E0,'www.lolalinda.com.br','55555555')
DELETE FROM ALUNO WHERE ID='0e638183-30fd-4b45-9df5-3c76660e0942'
INSERT INTO ALUNO VALUES('0e638183-30fd-4b45-9df5-3c76660e0942',NULL,0,'Rua das Seringueiras',0,'2020-06-30 10:13:51.956000','Luiz Henrique de Souza',10.0E0,'www.alura.com.br','34984382735')
DELETE FROM ALUNO WHERE ID='d4bdf000-a53d-4fb4-b4ff-e22b888166a8'
INSERT INTO ALUNO VALUES('d4bdf000-a53d-4fb4-b4ff-e22b888166a8',NULL,0,'SP',0,'2020-06-30 10:13:51.969000','Patricia',3.0E0,'google.com.br','4455456534')
DELETE FROM ALUNO WHERE ID='418f8f7b-d26e-4396-907f-51c42d3c08fc'
INSERT INTO ALUNO VALUES('418f8f7b-d26e-4396-907f-51c42d3c08fc',NULL,0,'rergewrtewrt',0,'2020-06-30 10:13:51.973000','Pedro',10.0E0,'1234454','egferwertrew')
COMMIT
/*C10*/DELETE FROM ALUNO WHERE ID='09e4d0a0-1e60-4dab-9ec4-39d76146b65f'
INSERT INTO ALUNO VALUES('09e4d0a0-1e60-4dab-9ec4-39d76146b65f',NULL,0,'Av. Paulista, S\u00e3o Paulo - SP',0,'2020-06-30 10:25:47.826000','Adriano',8.0E0,'www.uol.com.br','34984381111')
DELETE FROM ALUNO WHERE ID='bb98e8b9-acbd-4d69-a3cc-922c3e9b01bb'
INSERT INTO ALUNO VALUES('bb98e8b9-acbd-4d69-a3cc-922c3e9b01bb',NULL,0,'RJ',0,'2020-06-30 10:25:47.834000','Bianca',2.0E0,'Alura.com.br','675687790')
DELETE FROM ALUNO WHERE ID='894ffee5-c540-47f8-b82d-b4ad8a07499b'
INSERT INTO ALUNO VALUES('894ffee5-c540-47f8-b82d-b4ad8a07499b',NULL,0,'ertqtgw',0,'2020-06-30 10:25:47.837000','Fabiana',10.0E0,'fghnjm~kt,]elrwhg','333333333')
DELETE FROM ALUNO WHERE ID='19c1ae4a-7221-4a07-885a-58a0818a0131'
INSERT INTO ALUNO VALUES('19c1ae4a-7221-4a07-885a-58a0818a0131',NULL,0,'Rua Paschoal Bruno, 960 - Uberl\u00e2ndia',0,'2020-06-30 10:25:47.842000','Lola',10.0E0,'www.lolalinda.com.br','55555555')
DELETE FROM ALUNO WHERE ID='0e638183-30fd-4b45-9df5-3c76660e0942'
INSERT INTO ALUNO VALUES('0e638183-30fd-4b45-9df5-3c76660e0942',NULL,0,'Rua das Seringueiras',0,'2020-06-30 10:25:47.844000','Luiz Henrique de Souza',10.0E0,'www.alura.com.br','34984382735')
DELETE FROM ALUNO WHERE ID='d4bdf000-a53d-4fb4-b4ff-e22b888166a8'
INSERT INTO ALUNO VALUES('d4bdf000-a53d-4fb4-b4ff-e22b888166a8',NULL,0,'SP',0,'2020-06-30 10:25:47.852000','Patricia',3.0E0,'google.com.br','4455456534')
DELETE FROM ALUNO WHERE ID='418f8f7b-d26e-4396-907f-51c42d3c08fc'
INSERT INTO ALUNO VALUES('418f8f7b-d26e-4396-907f-51c42d3c08fc',NULL,0,'rergewrtewrt',0,'2020-06-30 10:25:47.869000','Pedro',10.0E0,'1234454','egferwertrew')
COMMIT
DELETE FROM DISPOSITIVO WHERE TOKEN='dHjVMS1wLEnaqFKffvYGDH:APA91bHU8sSMfw0msGkuc3KlU1Gfyl3c55lrABf2lL6OzB8KIQ09aXjcm0oVEvGsUQHV1c2zBxfX9xT6u6XxhRBf57TZ840gFTXRA86ns8rY942D3IrP-FiO84uQubo9L7veolSihNHO'
COMMIT
INSERT INTO DISPOSITIVO VALUES('dHjVMS1wLEnaqFKffvYGDH:APA91bHU8sSMfw0msGkuc3KlU1Gfyl3c55lrABf2lL6OzB8KIQ09aXjcm0oVEvGsUQHV1c2zBxfX9xT6u6XxhRBf57TZ840gFTXRA86ns8rY942D3IrP-FiO84uQubo9L7veolSihNHO')
DELETE FROM DISPOSITIVO WHERE TOKEN='dHjVMS1wLEnaqFKffvYGDH:APA91bHU8sSMfw0msGkuc3KlU1Gfyl3c55lrABf2lL6OzB8KIQ09aXjcm0oVEvGsUQHV1c2zBxfX9xT6u6XxhRBf57TZ840gFTXRA86ns8rY942D3IrP-FiO84uQubo9L7veolSihNHO'
COMMIT
INSERT INTO DISPOSITIVO VALUES('c6SUfWyoDE5xjQRlUfc7NN:APA91bFwB5x03itjiOW4L20TPKHvxKh_pKAZyoWRf4wjohudmkGyc8zWW2Vj-0mR21CHjtkHbMXFHkXdiapsTwImHltjEN9sjX15gHbG8_KfiRp68d_Rt9GUCpgqBKP4Yd7TcAkBgzUU')
COMMIT
/*C11*/DELETE FROM ALUNO WHERE ID='09e4d0a0-1e60-4dab-9ec4-39d76146b65f'
INSERT INTO ALUNO VALUES('09e4d0a0-1e60-4dab-9ec4-39d76146b65f',NULL,0,'Av. Paulista, S\u00e3o Paulo - SP',0,'2020-06-30 10:41:24.708000','Adriano',8.0E0,'www.uol.com.br','34984381111')
DELETE FROM ALUNO WHERE ID='bb98e8b9-acbd-4d69-a3cc-922c3e9b01bb'
INSERT INTO ALUNO VALUES('bb98e8b9-acbd-4d69-a3cc-922c3e9b01bb',NULL,0,'RJ',0,'2020-06-30 10:41:24.718000','Bianca',2.0E0,'Alura.com.br','675687790')
DELETE FROM ALUNO WHERE ID='894ffee5-c540-47f8-b82d-b4ad8a07499b'
INSERT INTO ALUNO VALUES('894ffee5-c540-47f8-b82d-b4ad8a07499b',NULL,0,'ertqtgw',0,'2020-06-30 10:41:24.722000','Fabiana',10.0E0,'fghnjm~kt,]elrwhg','333333333')
DELETE FROM ALUNO WHERE ID='19c1ae4a-7221-4a07-885a-58a0818a0131'
INSERT INTO ALUNO VALUES('19c1ae4a-7221-4a07-885a-58a0818a0131',NULL,0,'Rua Paschoal Bruno, 960 - Uberl\u00e2ndia',0,'2020-06-30 10:41:24.728000','Lola',10.0E0,'www.lolalinda.com.br','55555555')
DELETE FROM ALUNO WHERE ID='0e638183-30fd-4b45-9df5-3c76660e0942'
INSERT INTO ALUNO VALUES('0e638183-30fd-4b45-9df5-3c76660e0942',NULL,0,'Rua das Seringueiras',0,'2020-06-30 10:41:24.735000','Luiz Henrique de Souza',10.0E0,'www.alura.com.br','34984382735')
DELETE FROM ALUNO WHERE ID='d4bdf000-a53d-4fb4-b4ff-e22b888166a8'
INSERT INTO ALUNO VALUES('d4bdf000-a53d-4fb4-b4ff-e22b888166a8',NULL,0,'SP',0,'2020-06-30 10:41:24.746000','Patricia',3.0E0,'google.com.br','4455456534')
DELETE FROM ALUNO WHERE ID='418f8f7b-d26e-4396-907f-51c42d3c08fc'
INSERT INTO ALUNO VALUES('418f8f7b-d26e-4396-907f-51c42d3c08fc',NULL,0,'rergewrtewrt',0,'2020-06-30 10:41:24.761000','Pedro',10.0E0,'1234454','egferwertrew')
COMMIT
/*C10*/DELETE FROM ALUNO WHERE ID='09e4d0a0-1e60-4dab-9ec4-39d76146b65f'
INSERT INTO ALUNO VALUES('09e4d0a0-1e60-4dab-9ec4-39d76146b65f',NULL,0,'Av. Paulista, S\u00e3o Paulo - SP',0,'2020-06-30 10:42:06.643000','Adriano',8.0E0,'www.uol.com.br','34984381111')
DELETE FROM ALUNO WHERE ID='bb98e8b9-acbd-4d69-a3cc-922c3e9b01bb'
INSERT INTO ALUNO VALUES('bb98e8b9-acbd-4d69-a3cc-922c3e9b01bb',NULL,0,'RJ',0,'2020-06-30 10:42:06.648000','Bianca',2.0E0,'Alura.com.br','675687790')
DELETE FROM ALUNO WHERE ID='894ffee5-c540-47f8-b82d-b4ad8a07499b'
INSERT INTO ALUNO VALUES('894ffee5-c540-47f8-b82d-b4ad8a07499b',NULL,0,'ertqtgw',0,'2020-06-30 10:42:06.653000','Fabiana',10.0E0,'fghnjm~kt,]elrwhg','333333333')
DELETE FROM ALUNO WHERE ID='19c1ae4a-7221-4a07-885a-58a0818a0131'
INSERT INTO ALUNO VALUES('19c1ae4a-7221-4a07-885a-58a0818a0131',NULL,0,'Rua Paschoal Bruno, 960 - Uberl\u00e2ndia',0,'2020-06-30 10:42:06.660000','Lola',10.0E0,'www.lolalinda.com.br','55555555')
DELETE FROM ALUNO WHERE ID='0e638183-30fd-4b45-9df5-3c76660e0942'
INSERT INTO ALUNO VALUES('0e638183-30fd-4b45-9df5-3c76660e0942',NULL,0,'Rua das Seringueiras',0,'2020-06-30 10:42:06.669000','Luiz Henrique de Souza',10.0E0,'www.alura.com.br','34984382735')
DELETE FROM ALUNO WHERE ID='d4bdf000-a53d-4fb4-b4ff-e22b888166a8'
INSERT INTO ALUNO VALUES('d4bdf000-a53d-4fb4-b4ff-e22b888166a8',NULL,0,'SP',0,'2020-06-30 10:42:06.677000','Patricia',3.0E0,'google.com.br','4455456534')
DELETE FROM ALUNO WHERE ID='418f8f7b-d26e-4396-907f-51c42d3c08fc'
INSERT INTO ALUNO VALUES('418f8f7b-d26e-4396-907f-51c42d3c08fc',NULL,0,'rergewrtewrt',0,'2020-06-30 10:42:06.697000','Pedro',10.0E0,'1234454','egferwertrew')
COMMIT
DELETE FROM DISPOSITIVO WHERE TOKEN='c6SUfWyoDE5xjQRlUfc7NN:APA91bFwB5x03itjiOW4L20TPKHvxKh_pKAZyoWRf4wjohudmkGyc8zWW2Vj-0mR21CHjtkHbMXFHkXdiapsTwImHltjEN9sjX15gHbG8_KfiRp68d_Rt9GUCpgqBKP4Yd7TcAkBgzUU'
COMMIT
INSERT INTO DISPOSITIVO VALUES('c6SUfWyoDE5xjQRlUfc7NN:APA91bFwB5x03itjiOW4L20TPKHvxKh_pKAZyoWRf4wjohudmkGyc8zWW2Vj-0mR21CHjtkHbMXFHkXdiapsTwImHltjEN9sjX15gHbG8_KfiRp68d_Rt9GUCpgqBKP4Yd7TcAkBgzUU')
DELETE FROM DISPOSITIVO WHERE TOKEN='c6SUfWyoDE5xjQRlUfc7NN:APA91bFwB5x03itjiOW4L20TPKHvxKh_pKAZyoWRf4wjohudmkGyc8zWW2Vj-0mR21CHjtkHbMXFHkXdiapsTwImHltjEN9sjX15gHbG8_KfiRp68d_Rt9GUCpgqBKP4Yd7TcAkBgzUU'
COMMIT
INSERT INTO DISPOSITIVO VALUES('c6SUfWyoDE5xjQRlUfc7NN:APA91bFwB5x03itjiOW4L20TPKHvxKh_pKAZyoWRf4wjohudmkGyc8zWW2Vj-0mR21CHjtkHbMXFHkXdiapsTwImHltjEN9sjX15gHbG8_KfiRp68d_Rt9GUCpgqBKP4Yd7TcAkBgzUU')
DELETE FROM DISPOSITIVO WHERE TOKEN='c6SUfWyoDE5xjQRlUfc7NN:APA91bFwB5x03itjiOW4L20TPKHvxKh_pKAZyoWRf4wjohudmkGyc8zWW2Vj-0mR21CHjtkHbMXFHkXdiapsTwImHltjEN9sjX15gHbG8_KfiRp68d_Rt9GUCpgqBKP4Yd7TcAkBgzUU'
COMMIT
INSERT INTO DISPOSITIVO VALUES('fu9MWN5tU0x2qyu1o4Z7l3:APA91bFIrgAWEkfs_rD--EbDSGZee8hWyQ1xJ1Usl0wD4T32E14hX4P2jORs2-pLI5Mc7D7GF7MST4dhGZzCR4DJH2ZzOX2KgeSqVofyKV_-lhqS8rjwIuxn6fwiycbDY1QSgVJTTUK2')
COMMIT
INSERT INTO DISPOSITIVO VALUES('c6SUfWyoDE5xjQRlUfc7NN:APA91bFwB5x03itjiOW4L20TPKHvxKh_pKAZyoWRf4wjohudmkGyc8zWW2Vj-0mR21CHjtkHbMXFHkXdiapsTwImHltjEN9sjX15gHbG8_KfiRp68d_Rt9GUCpgqBKP4Yd7TcAkBgzUU')
DELETE FROM DISPOSITIVO WHERE TOKEN='c6SUfWyoDE5xjQRlUfc7NN:APA91bFwB5x03itjiOW4L20TPKHvxKh_pKAZyoWRf4wjohudmkGyc8zWW2Vj-0mR21CHjtkHbMXFHkXdiapsTwImHltjEN9sjX15gHbG8_KfiRp68d_Rt9GUCpgqBKP4Yd7TcAkBgzUU'
COMMIT
/*C11*/DELETE FROM ALUNO WHERE ID='09e4d0a0-1e60-4dab-9ec4-39d76146b65f'
INSERT INTO ALUNO VALUES('09e4d0a0-1e60-4dab-9ec4-39d76146b65f',NULL,0,'Av. Paulista, S\u00e3o Paulo - SP',0,'2020-06-30 10:59:40.947000','Adriano',8.0E0,'www.uol.com.br','34984381111')
DELETE FROM ALUNO WHERE ID='bb98e8b9-acbd-4d69-a3cc-922c3e9b01bb'
INSERT INTO ALUNO VALUES('bb98e8b9-acbd-4d69-a3cc-922c3e9b01bb',NULL,0,'RJ',0,'2020-06-30 10:59:40.951000','Bianca',2.0E0,'Alura.com.br','675687790')
DELETE FROM ALUNO WHERE ID='894ffee5-c540-47f8-b82d-b4ad8a07499b'
INSERT INTO ALUNO VALUES('894ffee5-c540-47f8-b82d-b4ad8a07499b',NULL,0,'ertqtgw',0,'2020-06-30 10:59:40.954000','Fabiana',10.0E0,'fghnjm~kt,]elrwhg','333333333')
DELETE FROM ALUNO WHERE ID='19c1ae4a-7221-4a07-885a-58a0818a0131'
INSERT INTO ALUNO VALUES('19c1ae4a-7221-4a07-885a-58a0818a0131',NULL,0,'Rua Paschoal Bruno, 960 - Uberl\u00e2ndia',0,'2020-06-30 10:59:40.957000','Lola',10.0E0,'www.lolalinda.com.br','55555555')
DELETE FROM ALUNO WHERE ID='0e638183-30fd-4b45-9df5-3c76660e0942'
INSERT INTO ALUNO VALUES('0e638183-30fd-4b45-9df5-3c76660e0942',NULL,0,'Rua das Seringueiras',0,'2020-06-30 10:59:40.964000','Luiz Henrique de Souza',10.0E0,'www.alura.com.br','34984382735')
DELETE FROM ALUNO WHERE ID='d4bdf000-a53d-4fb4-b4ff-e22b888166a8'
INSERT INTO ALUNO VALUES('d4bdf000-a53d-4fb4-b4ff-e22b888166a8',NULL,0,'SP',0,'2020-06-30 10:59:40.971000','Patricia',3.0E0,'google.com.br','4455456534')
DELETE FROM ALUNO WHERE ID='418f8f7b-d26e-4396-907f-51c42d3c08fc'
INSERT INTO ALUNO VALUES('418f8f7b-d26e-4396-907f-51c42d3c08fc',NULL,0,'rergewrtewrt',0,'2020-06-30 10:59:40.975000','Pedro',10.0E0,'1234454','egferwertrew')
COMMIT
/*C10*/DELETE FROM ALUNO WHERE ID='09e4d0a0-1e60-4dab-9ec4-39d76146b65f'
INSERT INTO ALUNO VALUES('09e4d0a0-1e60-4dab-9ec4-39d76146b65f',NULL,0,'Av. Paulista, S\u00e3o Paulo - SP',0,'2020-06-30 11:00:26.332000','Adriano',8.0E0,'www.uol.com.br','34984381111')
DELETE FROM ALUNO WHERE ID='bb98e8b9-acbd-4d69-a3cc-922c3e9b01bb'
INSERT INTO ALUNO VALUES('bb98e8b9-acbd-4d69-a3cc-922c3e9b01bb',NULL,0,'RJ',0,'2020-06-30 11:00:26.333000','Bianca',2.0E0,'Alura.com.br','675687790')
DELETE FROM ALUNO WHERE ID='894ffee5-c540-47f8-b82d-b4ad8a07499b'
INSERT INTO ALUNO VALUES('894ffee5-c540-47f8-b82d-b4ad8a07499b',NULL,0,'ertqtgw',0,'2020-06-30 11:00:26.336000','Fabiana',10.0E0,'fghnjm~kt,]elrwhg','333333333')
DELETE FROM ALUNO WHERE ID='19c1ae4a-7221-4a07-885a-58a0818a0131'
INSERT INTO ALUNO VALUES('19c1ae4a-7221-4a07-885a-58a0818a0131',NULL,0,'Rua Paschoal Bruno, 960 - Uberl\u00e2ndia',0,'2020-06-30 11:00:26.340000','Lola',10.0E0,'www.lolalinda.com.br','55555555')
DELETE FROM ALUNO WHERE ID='0e638183-30fd-4b45-9df5-3c76660e0942'
INSERT INTO ALUNO VALUES('0e638183-30fd-4b45-9df5-3c76660e0942',NULL,0,'Rua das Seringueiras',0,'2020-06-30 11:00:26.342000','Luiz Henrique de Souza',10.0E0,'www.alura.com.br','34984382735')
DELETE FROM ALUNO WHERE ID='d4bdf000-a53d-4fb4-b4ff-e22b888166a8'
INSERT INTO ALUNO VALUES('d4bdf000-a53d-4fb4-b4ff-e22b888166a8',NULL,0,'SP',0,'2020-06-30 11:00:26.354000','Patricia',3.0E0,'google.com.br','4455456534')
DELETE FROM ALUNO WHERE ID='418f8f7b-d26e-4396-907f-51c42d3c08fc'
INSERT INTO ALUNO VALUES('418f8f7b-d26e-4396-907f-51c42d3c08fc',NULL,0,'rergewrtewrt',0,'2020-06-30 11:00:26.377000','Pedro',10.0E0,'1234454','egferwertrew')
COMMIT
DELETE FROM FIREBASE_CONFIG WHERE ID=1
INSERT INTO FIREBASE_CONFIG VALUES(1,'https://fcm.googleapis.com/fcm/send','')
COMMIT
/*C11*/DELETE FROM ALUNO WHERE ID='09e4d0a0-1e60-4dab-9ec4-39d76146b65f'
INSERT INTO ALUNO VALUES('09e4d0a0-1e60-4dab-9ec4-39d76146b65f',NULL,0,'Av. Paulista, S\u00e3o Paulo - SP',0,'2020-06-30 11:03:59.508000','Adriano',8.0E0,'www.uol.com.br','34984381111')
DELETE FROM ALUNO WHERE ID='bb98e8b9-acbd-4d69-a3cc-922c3e9b01bb'
INSERT INTO ALUNO VALUES('bb98e8b9-acbd-4d69-a3cc-922c3e9b01bb',NULL,0,'RJ',0,'2020-06-30 11:03:59.518000','Bianca',2.0E0,'Alura.com.br','675687790')
DELETE FROM ALUNO WHERE ID='894ffee5-c540-47f8-b82d-b4ad8a07499b'
INSERT INTO ALUNO VALUES('894ffee5-c540-47f8-b82d-b4ad8a07499b',NULL,0,'ertqtgw',0,'2020-06-30 11:03:59.523000','Fabiana',10.0E0,'fghnjm~kt,]elrwhg','333333333')
DELETE FROM ALUNO WHERE ID='19c1ae4a-7221-4a07-885a-58a0818a0131'
INSERT INTO ALUNO VALUES('19c1ae4a-7221-4a07-885a-58a0818a0131',NULL,0,'Rua Paschoal Bruno, 960 - Uberl\u00e2ndia',0,'2020-06-30 11:03:59.541000','Lola',10.0E0,'www.lolalinda.com.br','55555555')
DELETE FROM ALUNO WHERE ID='0e638183-30fd-4b45-9df5-3c76660e0942'
INSERT INTO ALUNO VALUES('0e638183-30fd-4b45-9df5-3c76660e0942',NULL,0,'Rua das Seringueiras',0,'2020-06-30 11:03:59.551000','Luiz Henrique de Souza',10.0E0,'www.alura.com.br','34984382735')
DELETE FROM ALUNO WHERE ID='d4bdf000-a53d-4fb4-b4ff-e22b888166a8'
INSERT INTO ALUNO VALUES('d4bdf000-a53d-4fb4-b4ff-e22b888166a8',NULL,0,'SP',0,'2020-06-30 11:03:59.558000','Patricia',3.0E0,'google.com.br','4455456534')
DELETE FROM ALUNO WHERE ID='418f8f7b-d26e-4396-907f-51c42d3c08fc'
INSERT INTO ALUNO VALUES('418f8f7b-d26e-4396-907f-51c42d3c08fc',NULL,0,'rergewrtewrt',0,'2020-06-30 11:03:59.569000','Pedro',10.0E0,'1234454','egferwertrew')
COMMIT
INSERT INTO ALUNO VALUES('e4eb66c3-653b-4f07-b4d5-fe54277087eb',NULL,0,'Sa\u00e3o Paulo',0,'2020-06-30 11:04:48.957000','Amanda',10.0E0,'gtreyrjtuiklop\u00e7\u00b4~][','655765897')
COMMIT
DELETE FROM ALUNO WHERE ID='09e4d0a0-1e60-4dab-9ec4-39d76146b65f'
INSERT INTO ALUNO VALUES('09e4d0a0-1e60-4dab-9ec4-39d76146b65f',NULL,0,'Av. Paulista, S\u00e3o Paulo - SP',0,'2020-06-30 11:06:05.657000','Adriano',8.0E0,'www.uol.com.br','34984381111')
DELETE FROM ALUNO WHERE ID='bb98e8b9-acbd-4d69-a3cc-922c3e9b01bb'
INSERT INTO ALUNO VALUES('bb98e8b9-acbd-4d69-a3cc-922c3e9b01bb',NULL,0,'RJ',0,'2020-06-30 11:06:05.659000','Bianca',2.0E0,'Alura.com.br','675687790')
DELETE FROM ALUNO WHERE ID='894ffee5-c540-47f8-b82d-b4ad8a07499b'
INSERT INTO ALUNO VALUES('894ffee5-c540-47f8-b82d-b4ad8a07499b',NULL,0,'ertqtgw',0,'2020-06-30 11:06:05.661000','Fabiana',10.0E0,'fghnjm~kt,]elrwhg','333333333')
DELETE FROM ALUNO WHERE ID='19c1ae4a-7221-4a07-885a-58a0818a0131'
INSERT INTO ALUNO VALUES('19c1ae4a-7221-4a07-885a-58a0818a0131',NULL,0,'Rua Paschoal Bruno, 960 - Uberl\u00e2ndia',0,'2020-06-30 11:06:05.666000','Lola',10.0E0,'www.lolalinda.com.br','55555555')
DELETE FROM ALUNO WHERE ID='0e638183-30fd-4b45-9df5-3c76660e0942'
INSERT INTO ALUNO VALUES('0e638183-30fd-4b45-9df5-3c76660e0942',NULL,0,'Rua das Seringueiras',0,'2020-06-30 11:06:05.678000','Luiz Henrique de Souza',10.0E0,'www.alura.com.br','34984382735')
DELETE FROM ALUNO WHERE ID='d4bdf000-a53d-4fb4-b4ff-e22b888166a8'
INSERT INTO ALUNO VALUES('d4bdf000-a53d-4fb4-b4ff-e22b888166a8',NULL,0,'SP',0,'2020-06-30 11:06:05.683000','Patricia',3.0E0,'google.com.br','4455456534')
DELETE FROM ALUNO WHERE ID='418f8f7b-d26e-4396-907f-51c42d3c08fc'
INSERT INTO ALUNO VALUES('418f8f7b-d26e-4396-907f-51c42d3c08fc',NULL,0,'rergewrtewrt',0,'2020-06-30 11:06:05.687000','Pedro',10.0E0,'1234454','egferwertrew')
COMMIT
/*C10*/DELETE FROM ALUNO WHERE ID='09e4d0a0-1e60-4dab-9ec4-39d76146b65f'
INSERT INTO ALUNO VALUES('09e4d0a0-1e60-4dab-9ec4-39d76146b65f',NULL,0,'Av. Paulista, S\u00e3o Paulo - SP',0,'2020-06-30 11:09:00.771000','Adriano',8.0E0,'www.uol.com.br','34984381111')
DELETE FROM ALUNO WHERE ID='bb98e8b9-acbd-4d69-a3cc-922c3e9b01bb'
INSERT INTO ALUNO VALUES('bb98e8b9-acbd-4d69-a3cc-922c3e9b01bb',NULL,0,'RJ',0,'2020-06-30 11:09:00.773000','Bianca',2.0E0,'Alura.com.br','675687790')
DELETE FROM ALUNO WHERE ID='894ffee5-c540-47f8-b82d-b4ad8a07499b'
INSERT INTO ALUNO VALUES('894ffee5-c540-47f8-b82d-b4ad8a07499b',NULL,0,'ertqtgw',0,'2020-06-30 11:09:00.775000','Fabiana',10.0E0,'fghnjm~kt,]elrwhg','333333333')
DELETE FROM ALUNO WHERE ID='19c1ae4a-7221-4a07-885a-58a0818a0131'
INSERT INTO ALUNO VALUES('19c1ae4a-7221-4a07-885a-58a0818a0131',NULL,0,'Rua Paschoal Bruno, 960 - Uberl\u00e2ndia',0,'2020-06-30 11:09:00.777000','Lola',10.0E0,'www.lolalinda.com.br','55555555')
DELETE FROM ALUNO WHERE ID='0e638183-30fd-4b45-9df5-3c76660e0942'
INSERT INTO ALUNO VALUES('0e638183-30fd-4b45-9df5-3c76660e0942',NULL,0,'Rua das Seringueiras',0,'2020-06-30 11:09:00.780000','Luiz Henrique de Souza',10.0E0,'www.alura.com.br','34984382735')
DELETE FROM ALUNO WHERE ID='d4bdf000-a53d-4fb4-b4ff-e22b888166a8'
INSERT INTO ALUNO VALUES('d4bdf000-a53d-4fb4-b4ff-e22b888166a8',NULL,0,'SP',0,'2020-06-30 11:09:00.783000','Patricia',3.0E0,'google.com.br','4455456534')
DELETE FROM ALUNO WHERE ID='418f8f7b-d26e-4396-907f-51c42d3c08fc'
INSERT INTO ALUNO VALUES('418f8f7b-d26e-4396-907f-51c42d3c08fc',NULL,0,'rergewrtewrt',0,'2020-06-30 11:09:00.789000','Pedro',10.0E0,'1234454','egferwertrew')
COMMIT
INSERT INTO DISPOSITIVO VALUES('cRRksxKwoE9mhYLwRvtdwA:APA91bHA7M1Ur-TPxEuNlQtav2MZyKN_ZXk-Wn885g0FtJai1dw9qGoezbkcp-FsnmrSvXyjPauVEjGUGmD76nLmeD_1giCNMRdXSaFF4gc88qng_NXcgEJWS1SPzScsD_50gP-divua')
COMMIT
DELETE FROM ALUNO WHERE ID='09e4d0a0-1e60-4dab-9ec4-39d76146b65f'
INSERT INTO ALUNO VALUES('09e4d0a0-1e60-4dab-9ec4-39d76146b65f',NULL,0,'Av. Paulista, S\u00e3o Paulo - SP',0,'2020-06-30 11:09:10.588000','Adriano',8.0E0,'www.uol.com.br','34984381111')
DELETE FROM ALUNO WHERE ID='e4eb66c3-653b-4f07-b4d5-fe54277087eb'
INSERT INTO ALUNO VALUES('e4eb66c3-653b-4f07-b4d5-fe54277087eb',NULL,0,'Sa\u00e3o Paulo',0,'2020-06-30 11:09:10.591000','Amanda',10.0E0,'gtreyrjtuiklop\u00e7\u00b4~][','655765897')
DELETE FROM ALUNO WHERE ID='bb98e8b9-acbd-4d69-a3cc-922c3e9b01bb'
INSERT INTO ALUNO VALUES('bb98e8b9-acbd-4d69-a3cc-922c3e9b01bb',NULL,0,'RJ',0,'2020-06-30 11:09:10.594000','Bianca',2.0E0,'Alura.com.br','675687790')
DELETE FROM ALUNO WHERE ID='894ffee5-c540-47f8-b82d-b4ad8a07499b'
INSERT INTO ALUNO VALUES('894ffee5-c540-47f8-b82d-b4ad8a07499b',NULL,0,'ertqtgw',0,'2020-06-30 11:09:10.605000','Fabiana',10.0E0,'fghnjm~kt,]elrwhg','333333333')
DELETE FROM ALUNO WHERE ID='19c1ae4a-7221-4a07-885a-58a0818a0131'
INSERT INTO ALUNO VALUES('19c1ae4a-7221-4a07-885a-58a0818a0131',NULL,0,'Rua Paschoal Bruno, 960 - Uberl\u00e2ndia',0,'2020-06-30 11:09:10.613000','Lola',10.0E0,'www.lolalinda.com.br','55555555')
DELETE FROM ALUNO WHERE ID='0e638183-30fd-4b45-9df5-3c76660e0942'
INSERT INTO ALUNO VALUES('0e638183-30fd-4b45-9df5-3c76660e0942',NULL,0,'Rua das Seringueiras',0,'2020-06-30 11:09:10.617000','Luiz Henrique de Souza',10.0E0,'www.alura.com.br','34984382735')
DELETE FROM ALUNO WHERE ID='d4bdf000-a53d-4fb4-b4ff-e22b888166a8'
INSERT INTO ALUNO VALUES('d4bdf000-a53d-4fb4-b4ff-e22b888166a8',NULL,0,'SP',0,'2020-06-30 11:09:10.622000','Patricia',3.0E0,'google.com.br','4455456534')
DELETE FROM ALUNO WHERE ID='418f8f7b-d26e-4396-907f-51c42d3c08fc'
INSERT INTO ALUNO VALUES('418f8f7b-d26e-4396-907f-51c42d3c08fc',NULL,0,'rergewrtewrt',0,'2020-06-30 11:09:10.626000','Pedro',10.0E0,'1234454','egferwertrew')
COMMIT
/*C9*/INSERT INTO DISPOSITIVO VALUES('clTIeKTjUUejlXVMqPm5IQ:APA91bH8_U9XM8NvnlDL-ulzUitbI3w8LxwUM536xi33vFNTUfbtELSMEVbr7cMcKQ1RMsFmUfeevo4Y9onoQSle2-glDV_wCZr1JUvGTm9pQo6u2ybgnelge_Ak4fzozyCQiv9p_l8j')
COMMIT
/*C10*/DELETE FROM ALUNO WHERE ID='09e4d0a0-1e60-4dab-9ec4-39d76146b65f'
INSERT INTO ALUNO VALUES('09e4d0a0-1e60-4dab-9ec4-39d76146b65f',NULL,0,'Av. Paulista, S\u00e3o Paulo - SP',0,'2020-06-30 11:18:59.614000','Adriano',8.0E0,'www.uol.com.br','34984381111')
DELETE FROM ALUNO WHERE ID='e4eb66c3-653b-4f07-b4d5-fe54277087eb'
INSERT INTO ALUNO VALUES('e4eb66c3-653b-4f07-b4d5-fe54277087eb',NULL,0,'Sa\u00e3o Paulo',0,'2020-06-30 11:18:59.618000','Amanda',10.0E0,'gtreyrjtuiklop\u00e7\u00b4~][','655765897')
DELETE FROM ALUNO WHERE ID='bb98e8b9-acbd-4d69-a3cc-922c3e9b01bb'
INSERT INTO ALUNO VALUES('bb98e8b9-acbd-4d69-a3cc-922c3e9b01bb',NULL,0,'RJ',0,'2020-06-30 11:18:59.621000','Bianca',2.0E0,'Alura.com.br','675687790')
DELETE FROM ALUNO WHERE ID='894ffee5-c540-47f8-b82d-b4ad8a07499b'
INSERT INTO ALUNO VALUES('894ffee5-c540-47f8-b82d-b4ad8a07499b',NULL,0,'ertqtgw',0,'2020-06-30 11:18:59.632000','Fabiana',10.0E0,'fghnjm~kt,]elrwhg','333333333')
DELETE FROM ALUNO WHERE ID='19c1ae4a-7221-4a07-885a-58a0818a0131'
INSERT INTO ALUNO VALUES('19c1ae4a-7221-4a07-885a-58a0818a0131',NULL,0,'Rua Paschoal Bruno, 960 - Uberl\u00e2ndia',0,'2020-06-30 11:18:59.637000','Lola',10.0E0,'www.lolalinda.com.br','55555555')
DELETE FROM ALUNO WHERE ID='0e638183-30fd-4b45-9df5-3c76660e0942'
INSERT INTO ALUNO VALUES('0e638183-30fd-4b45-9df5-3c76660e0942',NULL,0,'Rua das Seringueiras',0,'2020-06-30 11:18:59.656000','Luiz Henrique de Souza',10.0E0,'www.alura.com.br','34984382735')
DELETE FROM ALUNO WHERE ID='d4bdf000-a53d-4fb4-b4ff-e22b888166a8'
INSERT INTO ALUNO VALUES('d4bdf000-a53d-4fb4-b4ff-e22b888166a8',NULL,0,'SP',0,'2020-06-30 11:18:59.659000','Patricia',3.0E0,'google.com.br','4455456534')
DELETE FROM ALUNO WHERE ID='418f8f7b-d26e-4396-907f-51c42d3c08fc'
INSERT INTO ALUNO VALUES('418f8f7b-d26e-4396-907f-51c42d3c08fc',NULL,0,'rergewrtewrt',0,'2020-06-30 11:18:59.662000','Pedro',10.0E0,'1234454','egferwertrew')
COMMIT
INSERT INTO DISPOSITIVO VALUES('f8veEtOgxk8MqZvcDVZfU1:APA91bFsQ9o_pW1rdIehAqivvBssMyeuaaK0fvkc6AVsuh7CUxMEK7WrQPrwEGldAK6d8RCWwGSVN-8wdG2MNEnzyoTgbJ1eT-91FZhLfyzDIi41P4vdzcxGOsBKvihFJxF10mz8bHqq')
COMMIT
/*C7*/DELETE FROM ALUNO WHERE ID='09e4d0a0-1e60-4dab-9ec4-39d76146b65f'
INSERT INTO ALUNO VALUES('09e4d0a0-1e60-4dab-9ec4-39d76146b65f',NULL,0,'Av. Paulista, S\u00e3o Paulo - SP',0,'2020-06-30 11:20:30.058000','Adriano',8.0E0,'www.uol.com.br','34984381111')
DELETE FROM ALUNO WHERE ID='e4eb66c3-653b-4f07-b4d5-fe54277087eb'
INSERT INTO ALUNO VALUES('e4eb66c3-653b-4f07-b4d5-fe54277087eb',NULL,0,'Sa\u00e3o Paulo',0,'2020-06-30 11:20:30.062000','Amanda',10.0E0,'gtreyrjtuiklop\u00e7\u00b4~][','655765897')
DELETE FROM ALUNO WHERE ID='bb98e8b9-acbd-4d69-a3cc-922c3e9b01bb'
INSERT INTO ALUNO VALUES('bb98e8b9-acbd-4d69-a3cc-922c3e9b01bb',NULL,0,'RJ',0,'2020-06-30 11:20:30.065000','Bianca',2.0E0,'Alura.com.br','675687790')
DELETE FROM ALUNO WHERE ID='894ffee5-c540-47f8-b82d-b4ad8a07499b'
INSERT INTO ALUNO VALUES('894ffee5-c540-47f8-b82d-b4ad8a07499b',NULL,0,'ertqtgw',0,'2020-06-30 11:20:30.070000','Fabiana',10.0E0,'fghnjm~kt,]elrwhg','333333333')
DELETE FROM ALUNO WHERE ID='19c1ae4a-7221-4a07-885a-58a0818a0131'
INSERT INTO ALUNO VALUES('19c1ae4a-7221-4a07-885a-58a0818a0131',NULL,0,'Rua Paschoal Bruno, 960 - Uberl\u00e2ndia',0,'2020-06-30 11:20:30.073000','Lola',10.0E0,'www.lolalinda.com.br','55555555')
DELETE FROM ALUNO WHERE ID='0e638183-30fd-4b45-9df5-3c76660e0942'
INSERT INTO ALUNO VALUES('0e638183-30fd-4b45-9df5-3c76660e0942',NULL,0,'Rua das Seringueiras',0,'2020-06-30 11:20:30.078000','Luiz Henrique de Souza',10.0E0,'www.alura.com.br','34984382735')
DELETE FROM ALUNO WHERE ID='d4bdf000-a53d-4fb4-b4ff-e22b888166a8'
INSERT INTO ALUNO VALUES('d4bdf000-a53d-4fb4-b4ff-e22b888166a8',NULL,0,'SP',0,'2020-06-30 11:20:30.084000','Patricia',3.0E0,'google.com.br','4455456534')
DELETE FROM ALUNO WHERE ID='418f8f7b-d26e-4396-907f-51c42d3c08fc'
INSERT INTO ALUNO VALUES('418f8f7b-d26e-4396-907f-51c42d3c08fc',NULL,0,'rergewrtewrt',0,'2020-06-30 11:20:30.086000','Pedro',10.0E0,'1234454','egferwertrew')
COMMIT
DELETE FROM ALUNO WHERE ID='09e4d0a0-1e60-4dab-9ec4-39d76146b65f'
INSERT INTO ALUNO VALUES('09e4d0a0-1e60-4dab-9ec4-39d76146b65f',NULL,0,'Av. Paulista, S\u00e3o Paulo - SP',0,'2020-06-30 11:21:53.164000','Adriano',8.0E0,'www.uol.com.br','34984381111')
DELETE FROM ALUNO WHERE ID='e4eb66c3-653b-4f07-b4d5-fe54277087eb'
INSERT INTO ALUNO VALUES('e4eb66c3-653b-4f07-b4d5-fe54277087eb',NULL,0,'Sa\u00e3o Paulo',0,'2020-06-30 11:21:53.168000','Amanda',10.0E0,'gtreyrjtuiklop\u00e7\u00b4~][','655765897')
DELETE FROM ALUNO WHERE ID='bb98e8b9-acbd-4d69-a3cc-922c3e9b01bb'
INSERT INTO ALUNO VALUES('bb98e8b9-acbd-4d69-a3cc-922c3e9b01bb',NULL,0,'RJ',0,'2020-06-30 11:21:53.184000','Bianca',2.0E0,'Alura.com.br','675687790')
DELETE FROM ALUNO WHERE ID='894ffee5-c540-47f8-b82d-b4ad8a07499b'
INSERT INTO ALUNO VALUES('894ffee5-c540-47f8-b82d-b4ad8a07499b',NULL,0,'ertqtgw',0,'2020-06-30 11:21:53.188000','Fabiana',10.0E0,'fghnjm~kt,]elrwhg','333333333')
DELETE FROM ALUNO WHERE ID='19c1ae4a-7221-4a07-885a-58a0818a0131'
INSERT INTO ALUNO VALUES('19c1ae4a-7221-4a07-885a-58a0818a0131',NULL,0,'Rua Paschoal Bruno, 960 - Uberl\u00e2ndia',0,'2020-06-30 11:21:53.215000','Lola',10.0E0,'www.lolalinda.com.br','55555555')
DELETE FROM ALUNO WHERE ID='0e638183-30fd-4b45-9df5-3c76660e0942'
INSERT INTO ALUNO VALUES('0e638183-30fd-4b45-9df5-3c76660e0942',NULL,0,'Rua das Seringueiras',0,'2020-06-30 11:21:53.223000','Luiz Henrique de Souza',10.0E0,'www.alura.com.br','34984382735')
DELETE FROM ALUNO WHERE ID='d4bdf000-a53d-4fb4-b4ff-e22b888166a8'
INSERT INTO ALUNO VALUES('d4bdf000-a53d-4fb4-b4ff-e22b888166a8',NULL,0,'SP',0,'2020-06-30 11:21:53.232000','Patricia',3.0E0,'google.com.br','4455456534')
DELETE FROM ALUNO WHERE ID='418f8f7b-d26e-4396-907f-51c42d3c08fc'
INSERT INTO ALUNO VALUES('418f8f7b-d26e-4396-907f-51c42d3c08fc',NULL,0,'rergewrtewrt',0,'2020-06-30 11:21:53.234000','Pedro',10.0E0,'1234454','egferwertrew')
COMMIT
INSERT INTO ALUNO VALUES('3de5e69f-c945-4b4c-ba80-82f19e83d1b0',NULL,0,'rua angelo cunha',0,'2020-06-30 11:22:16.047000','Amanda',10.0E0,'7ujrhnyfghr3213154678','34543653467')
COMMIT
/*C10*/INSERT INTO ALUNO VALUES('8db134b6-798f-4761-9fb2-afee2b2ab6d1',NULL,0,'fenwhmtwkrer',0,'2020-06-30 11:22:55.372000','Beatriz',10.0E0,'FBKMHTGHSDGVFD','34563476347')
COMMIT
DELETE FROM ALUNO WHERE ID='09e4d0a0-1e60-4dab-9ec4-39d76146b65f'
INSERT INTO ALUNO VALUES('09e4d0a0-1e60-4dab-9ec4-39d76146b65f',NULL,0,'Av. Paulista, S\u00e3o Paulo - SP',0,'2020-06-30 11:24:08.929000','Adriano',8.0E0,'www.uol.com.br','34984381111')
DELETE FROM ALUNO WHERE ID='e4eb66c3-653b-4f07-b4d5-fe54277087eb'
INSERT INTO ALUNO VALUES('e4eb66c3-653b-4f07-b4d5-fe54277087eb',NULL,0,'Sa\u00e3o Paulo',0,'2020-06-30 11:24:08.931000','Amanda',10.0E0,'gtreyrjtuiklop\u00e7\u00b4~][','655765897')
DELETE FROM ALUNO WHERE ID='3de5e69f-c945-4b4c-ba80-82f19e83d1b0'
INSERT INTO ALUNO VALUES('3de5e69f-c945-4b4c-ba80-82f19e83d1b0',NULL,0,'rua angelo cunha',0,'2020-06-30 11:24:08.934000','Amanda',10.0E0,'7ujrhnyfghr3213154678','34543653467')
DELETE FROM ALUNO WHERE ID='8db134b6-798f-4761-9fb2-afee2b2ab6d1'
INSERT INTO ALUNO VALUES('8db134b6-798f-4761-9fb2-afee2b2ab6d1',NULL,0,'fenwhmtwkrer',0,'2020-06-30 11:24:08.936000','Beatriz',10.0E0,'FBKMHTGHSDGVFD','34563476347')
DELETE FROM ALUNO WHERE ID='bb98e8b9-acbd-4d69-a3cc-922c3e9b01bb'
INSERT INTO ALUNO VALUES('bb98e8b9-acbd-4d69-a3cc-922c3e9b01bb',NULL,0,'RJ',0,'2020-06-30 11:24:08.937000','Bianca',2.0E0,'Alura.com.br','675687790')
DELETE FROM ALUNO WHERE ID='894ffee5-c540-47f8-b82d-b4ad8a07499b'
INSERT INTO ALUNO VALUES('894ffee5-c540-47f8-b82d-b4ad8a07499b',NULL,0,'ertqtgw',0,'2020-06-30 11:24:08.947000','Fabiana',10.0E0,'fghnjm~kt,]elrwhg','333333333')
DELETE FROM ALUNO WHERE ID='19c1ae4a-7221-4a07-885a-58a0818a0131'
INSERT INTO ALUNO VALUES('19c1ae4a-7221-4a07-885a-58a0818a0131',NULL,0,'Rua Paschoal Bruno, 960 - Uberl\u00e2ndia',0,'2020-06-30 11:24:08.957000','Lola',10.0E0,'www.lolalinda.com.br','55555555')
DELETE FROM ALUNO WHERE ID='0e638183-30fd-4b45-9df5-3c76660e0942'
INSERT INTO ALUNO VALUES('0e638183-30fd-4b45-9df5-3c76660e0942',NULL,0,'Rua das Seringueiras',0,'2020-06-30 11:24:08.958000','Luiz Henrique de Souza',10.0E0,'www.alura.com.br','34984382735')
DELETE FROM ALUNO WHERE ID='d4bdf000-a53d-4fb4-b4ff-e22b888166a8'
INSERT INTO ALUNO VALUES('d4bdf000-a53d-4fb4-b4ff-e22b888166a8',NULL,0,'SP',0,'2020-06-30 11:24:08.961000','Patricia',3.0E0,'google.com.br','4455456534')
DELETE FROM ALUNO WHERE ID='418f8f7b-d26e-4396-907f-51c42d3c08fc'
INSERT INTO ALUNO VALUES('418f8f7b-d26e-4396-907f-51c42d3c08fc',NULL,0,'rergewrtewrt',0,'2020-06-30 11:24:08.963000','Pedro',10.0E0,'1234454','egferwertrew')
COMMIT
INSERT INTO ALUNO VALUES('1e732fc2-343e-48a9-a21b-6b444c13d43e',NULL,0,'rmwkwetrp',0,'2020-06-30 11:24:49.374000','Fabr\u00edcio',10.0E0,'ghejrtuykijteryr','23256654')
COMMIT
/*C9*/DELETE FROM ALUNO WHERE ID='09e4d0a0-1e60-4dab-9ec4-39d76146b65f'
INSERT INTO ALUNO VALUES('09e4d0a0-1e60-4dab-9ec4-39d76146b65f',NULL,0,'Av. Paulista, S\u00e3o Paulo - SP',0,'2020-06-30 11:30:15.611000','Adriano',8.0E0,'www.uol.com.br','34984381111')
DELETE FROM ALUNO WHERE ID='e4eb66c3-653b-4f07-b4d5-fe54277087eb'
INSERT INTO ALUNO VALUES('e4eb66c3-653b-4f07-b4d5-fe54277087eb',NULL,0,'Sa\u00e3o Paulo',0,'2020-06-30 11:30:15.639000','Amanda',10.0E0,'gtreyrjtuiklop\u00e7\u00b4~][','655765897')
DELETE FROM ALUNO WHERE ID='3de5e69f-c945-4b4c-ba80-82f19e83d1b0'
INSERT INTO ALUNO VALUES('3de5e69f-c945-4b4c-ba80-82f19e83d1b0',NULL,0,'rua angelo cunha',0,'2020-06-30 11:30:15.641000','Amanda',10.0E0,'7ujrhnyfghr3213154678','34543653467')
DELETE FROM ALUNO WHERE ID='8db134b6-798f-4761-9fb2-afee2b2ab6d1'
INSERT INTO ALUNO VALUES('8db134b6-798f-4761-9fb2-afee2b2ab6d1',NULL,0,'fenwhmtwkrer',0,'2020-06-30 11:30:15.722000','Beatriz',10.0E0,'FBKMHTGHSDGVFD','34563476347')
DELETE FROM ALUNO WHERE ID='bb98e8b9-acbd-4d69-a3cc-922c3e9b01bb'
INSERT INTO ALUNO VALUES('bb98e8b9-acbd-4d69-a3cc-922c3e9b01bb',NULL,0,'RJ',0,'2020-06-30 11:30:15.730000','Bianca',2.0E0,'Alura.com.br','675687790')
DELETE FROM ALUNO WHERE ID='894ffee5-c540-47f8-b82d-b4ad8a07499b'
INSERT INTO ALUNO VALUES('894ffee5-c540-47f8-b82d-b4ad8a07499b',NULL,0,'ertqtgw',0,'2020-06-30 11:30:15.743000','Fabiana',10.0E0,'fghnjm~kt,]elrwhg','333333333')
DELETE FROM ALUNO WHERE ID='1e732fc2-343e-48a9-a21b-6b444c13d43e'
INSERT INTO ALUNO VALUES('1e732fc2-343e-48a9-a21b-6b444c13d43e',NULL,0,'rmwkwetrp',0,'2020-06-30 11:30:15.745000','Fabr\u00edcio',10.0E0,'ghejrtuykijteryr','23256654')
DELETE FROM ALUNO WHERE ID='19c1ae4a-7221-4a07-885a-58a0818a0131'
INSERT INTO ALUNO VALUES('19c1ae4a-7221-4a07-885a-58a0818a0131',NULL,0,'Rua Paschoal Bruno, 960 - Uberl\u00e2ndia',0,'2020-06-30 11:30:15.753000','Lola',10.0E0,'www.lolalinda.com.br','55555555')
DELETE FROM ALUNO WHERE ID='0e638183-30fd-4b45-9df5-3c76660e0942'
INSERT INTO ALUNO VALUES('0e638183-30fd-4b45-9df5-3c76660e0942',NULL,0,'Rua das Seringueiras',0,'2020-06-30 11:30:15.755000','Luiz Henrique de Souza',10.0E0,'www.alura.com.br','34984382735')
DELETE FROM ALUNO WHERE ID='d4bdf000-a53d-4fb4-b4ff-e22b888166a8'
INSERT INTO ALUNO VALUES('d4bdf000-a53d-4fb4-b4ff-e22b888166a8',NULL,0,'SP',0,'2020-06-30 11:30:15.757000','Patricia',3.0E0,'google.com.br','4455456534')
DELETE FROM ALUNO WHERE ID='418f8f7b-d26e-4396-907f-51c42d3c08fc'
INSERT INTO ALUNO VALUES('418f8f7b-d26e-4396-907f-51c42d3c08fc',NULL,0,'rergewrtewrt',0,'2020-06-30 11:30:15.759000','Pedro',10.0E0,'1234454','egferwertrew')
COMMIT
INSERT INTO ALUNO VALUES('ff962ea2-99f8-472b-8a56-25e222cab7a1',NULL,0,'gfjeoprtrem',0,'2020-06-30 11:30:29.416000','Felipe',10.0E0,'ghtewyjrgt','45647869')
COMMIT
/*C10*/INSERT INTO DISPOSITIVO VALUES('fhQvSfTEUUBPts6eSOLWb4:APA91bHACLGjTOgb5Wlw0MYJppp_Q1y5PA3uS4AkUKIr2YO89lQZ_qlo7ZLasZjTiF7tlNfCu1sKXBWQYuWHWhuQv0sKymrukRa75StQaEW-TuA2ROvEoCZq2Oz7ovYwuhXtr1qHXmfh')
COMMIT
INSERT INTO ALUNO VALUES('cca73901-c859-45d8-b9b0-a83881e580a3',NULL,0,'Rua das Seringueiras, 1381',0,'2020-06-30 11:33:25.354000','Adeilma',10.0E0,'ffdshdjgfjh','123455678')
COMMIT
/*C9*/DELETE FROM ALUNO WHERE ID='09e4d0a0-1e60-4dab-9ec4-39d76146b65f'
INSERT INTO ALUNO VALUES('09e4d0a0-1e60-4dab-9ec4-39d76146b65f',NULL,0,'Av. Paulista, S\u00e3o Paulo - SP',0,'2020-06-30 11:34:14.914000','Adriano',8.0E0,'www.uol.com.br','34984381111')
DELETE FROM ALUNO WHERE ID='3de5e69f-c945-4b4c-ba80-82f19e83d1b0'
INSERT INTO ALUNO VALUES('3de5e69f-c945-4b4c-ba80-82f19e83d1b0',NULL,0,'rua angelo cunha',0,'2020-06-30 11:34:14.916000','Amanda',10.0E0,'7ujrhnyfghr3213154678','34543653467')
DELETE FROM ALUNO WHERE ID='e4eb66c3-653b-4f07-b4d5-fe54277087eb'
INSERT INTO ALUNO VALUES('e4eb66c3-653b-4f07-b4d5-fe54277087eb',NULL,0,'Sa\u00e3o Paulo',0,'2020-06-30 11:34:14.918000','Amanda',10.0E0,'gtreyrjtuiklop\u00e7\u00b4~][','655765897')
DELETE FROM ALUNO WHERE ID='8db134b6-798f-4761-9fb2-afee2b2ab6d1'
INSERT INTO ALUNO VALUES('8db134b6-798f-4761-9fb2-afee2b2ab6d1',NULL,0,'fenwhmtwkrer',0,'2020-06-30 11:34:14.920000','Beatriz',10.0E0,'FBKMHTGHSDGVFD','34563476347')
DELETE FROM ALUNO WHERE ID='bb98e8b9-acbd-4d69-a3cc-922c3e9b01bb'
INSERT INTO ALUNO VALUES('bb98e8b9-acbd-4d69-a3cc-922c3e9b01bb',NULL,0,'RJ',0,'2020-06-30 11:34:14.930000','Bianca',2.0E0,'Alura.com.br','675687790')
DELETE FROM ALUNO WHERE ID='894ffee5-c540-47f8-b82d-b4ad8a07499b'
INSERT INTO ALUNO VALUES('894ffee5-c540-47f8-b82d-b4ad8a07499b',NULL,0,'ertqtgw',0,'2020-06-30 11:34:14.933000','Fabiana',10.0E0,'fghnjm~kt,]elrwhg','333333333')
DELETE FROM ALUNO WHERE ID='1e732fc2-343e-48a9-a21b-6b444c13d43e'
INSERT INTO ALUNO VALUES('1e732fc2-343e-48a9-a21b-6b444c13d43e',NULL,0,'rmwkwetrp',0,'2020-06-30 11:34:14.936000','Fabr\u00edcio',10.0E0,'ghejrtuykijteryr','23256654')
DELETE FROM ALUNO WHERE ID='ff962ea2-99f8-472b-8a56-25e222cab7a1'
INSERT INTO ALUNO VALUES('ff962ea2-99f8-472b-8a56-25e222cab7a1',NULL,0,'gfjeoprtrem',0,'2020-06-30 11:34:14.940000','Felipe',10.0E0,'ghtewyjrgt','45647869')
DELETE FROM ALUNO WHERE ID='19c1ae4a-7221-4a07-885a-58a0818a0131'
INSERT INTO ALUNO VALUES('19c1ae4a-7221-4a07-885a-58a0818a0131',NULL,0,'Rua Paschoal Bruno, 960 - Uberl\u00e2ndia',0,'2020-06-30 11:34:14.945000','Lola',10.0E0,'www.lolalinda.com.br','55555555')
DELETE FROM ALUNO WHERE ID='0e638183-30fd-4b45-9df5-3c76660e0942'
INSERT INTO ALUNO VALUES('0e638183-30fd-4b45-9df5-3c76660e0942',NULL,0,'Rua das Seringueiras',0,'2020-06-30 11:34:14.947000','Luiz Henrique de Souza',10.0E0,'www.alura.com.br','34984382735')
DELETE FROM ALUNO WHERE ID='d4bdf000-a53d-4fb4-b4ff-e22b888166a8'
INSERT INTO ALUNO VALUES('d4bdf000-a53d-4fb4-b4ff-e22b888166a8',NULL,0,'SP',0,'2020-06-30 11:34:14.949000','Patricia',3.0E0,'google.com.br','4455456534')
DELETE FROM ALUNO WHERE ID='418f8f7b-d26e-4396-907f-51c42d3c08fc'
INSERT INTO ALUNO VALUES('418f8f7b-d26e-4396-907f-51c42d3c08fc',NULL,0,'rergewrtewrt',0,'2020-06-30 11:34:14.951000','Pedro',10.0E0,'1234454','egferwertrew')
COMMIT
DELETE FROM ALUNO WHERE ID='1e732fc2-343e-48a9-a21b-6b444c13d43e'
INSERT INTO ALUNO VALUES('1e732fc2-343e-48a9-a21b-6b444c13d43e',NULL,1,'rmwkwetrp',0,'2020-06-30 11:35:21.731000','Fabr\u00edcio',10.0E0,'ghejrtuykijteryr','23256654')
COMMIT
DELETE FROM ALUNO WHERE ID='e4eb66c3-653b-4f07-b4d5-fe54277087eb'
INSERT INTO ALUNO VALUES('e4eb66c3-653b-4f07-b4d5-fe54277087eb',NULL,1,'Sa\u00e3o Paulo',0,'2020-06-30 11:35:57.873000','Amanda',10.0E0,'gtreyrjtuiklop\u00e7\u00b4~][','655765897')
COMMIT
INSERT INTO ALUNO VALUES('6a9e2c88-8ab4-47f8-bb08-b18eb2cdb2b2',NULL,0,'reyetwh',0,'2020-06-30 11:36:17.738000','Carla',10.0E0,'jhgjkmgh,jg','3123455667')
COMMIT
